<?xml version="1.0" encoding="UTF-8"?>
<testsuite xmlns:xsi="http://www.w3.org/2001/XMLSchema-instance" xsi:noNamespaceSchemaLocation="https://maven.apache.org/surefire/maven-surefire-plugin/xsd/surefire-test-report.xsd" name="TestSuite" time="152.232" tests="2" errors="0" skipped="0" failures="1">
  <properties>
    <property name="sun.desktop" value="windows"/>
    <property name="awt.toolkit" value="sun.awt.windows.WToolkit"/>
    <property name="java.specification.version" value="1.8"/>
    <property name="file.encoding.pkg" value="sun.io"/>
    <property name="sun.cpu.isalist" value="amd64"/>
    <property name="sun.jnu.encoding" value="Cp1252"/>
    <property name="grid.run" value="false"/>
    <property name="java.class.path" value="D:\git\test-framework-restassured-selenium-spring-00\target\test-classes;D:\git\test-framework-restassured-selenium-spring-00\target\classes;C:\Users\ranad\.m2\repository\io\rest-assured\rest-assured\4.3.0\rest-assured-4.3.0.jar;C:\Users\ranad\.m2\repository\org\codehaus\groovy\groovy\3.0.2\groovy-3.0.2.jar;C:\Users\ranad\.m2\repository\org\codehaus\groovy\groovy-xml\3.0.2\groovy-xml-3.0.2.jar;C:\Users\ranad\.m2\repository\org\apache\httpcomponents\httpclient\4.5.3\httpclient-4.5.3.jar;C:\Users\ranad\.m2\repository\org\apache\httpcomponents\httpmime\4.5.3\httpmime-4.5.3.jar;C:\Users\ranad\.m2\repository\org\hamcrest\hamcrest\2.1\hamcrest-2.1.jar;C:\Users\ranad\.m2\repository\org\ccil\cowan\tagsoup\tagsoup\1.2.1\tagsoup-1.2.1.jar;C:\Users\ranad\.m2\repository\io\rest-assured\json-path\4.3.0\json-path-4.3.0.jar;C:\Users\ranad\.m2\repository\org\codehaus\groovy\groovy-json\3.0.2\groovy-json-3.0.2.jar;C:\Users\ranad\.m2\repository\io\rest-assured\rest-assured-common\4.3.0\rest-assured-common-4.3.0.jar;C:\Users\ranad\.m2\repository\io\rest-assured\xml-path\4.3.0\xml-path-4.3.0.jar;C:\Users\ranad\.m2\repository\org\apache\commons\commons-lang3\3.4\commons-lang3-3.4.jar;C:\Users\ranad\.m2\repository\jakarta\xml\bind\jakarta.xml.bind-api\2.3.2\jakarta.xml.bind-api-2.3.2.jar;C:\Users\ranad\.m2\repository\jakarta\activation\jakarta.activation-api\1.2.1\jakarta.activation-api-1.2.1.jar;C:\Users\ranad\.m2\repository\com\sun\xml\bind\jaxb-osgi\2.3.0.1\jaxb-osgi-2.3.0.1.jar;C:\Users\ranad\.m2\repository\org\apache\sling\org.apache.sling.javax.activation\0.1.0\org.apache.sling.javax.activation-0.1.0.jar;C:\Users\ranad\.m2\repository\javax\activation\activation\1.1.1\activation-1.1.1.jar;C:\Users\ranad\.m2\repository\io\rest-assured\json-schema-validator\4.3.0\json-schema-validator-4.3.0.jar;C:\Users\ranad\.m2\repository\com\github\java-json-tools\json-schema-validator\2.2.10\json-schema-validator-2.2.10.jar;C:\Users\ranad\.m2\repository\com\github\java-json-tools\json-schema-core\1.2.10\json-schema-core-1.2.10.jar;C:\Users\ranad\.m2\repository\com\github\java-json-tools\jackson-coreutils\1.9\jackson-coreutils-1.9.jar;C:\Users\ranad\.m2\repository\com\github\fge\msg-simple\1.1\msg-simple-1.1.jar;C:\Users\ranad\.m2\repository\com\github\fge\btf\1.2\btf-1.2.jar;C:\Users\ranad\.m2\repository\com\github\fge\uri-template\0.9\uri-template-0.9.jar;C:\Users\ranad\.m2\repository\org\mozilla\rhino\1.7.7.1\rhino-1.7.7.1.jar;C:\Users\ranad\.m2\repository\javax\mail\mailapi\1.4.3\mailapi-1.4.3.jar;C:\Users\ranad\.m2\repository\joda-time\joda-time\2.9.7\joda-time-2.9.7.jar;C:\Users\ranad\.m2\repository\com\googlecode\libphonenumber\libphonenumber\8.0.0\libphonenumber-8.0.0.jar;C:\Users\ranad\.m2\repository\com\google\code\findbugs\jsr305\3.0.1\jsr305-3.0.1.jar;C:\Users\ranad\.m2\repository\net\sf\jopt-simple\jopt-simple\5.0.3\jopt-simple-5.0.3.jar;C:\Users\ranad\.m2\repository\org\testng\testng\6.10\testng-6.10.jar;C:\Users\ranad\.m2\repository\com\beust\jcommander\1.48\jcommander-1.48.jar;C:\Users\ranad\.m2\repository\org\hamcrest\hamcrest-core\2.1\hamcrest-core-2.1.jar;C:\Users\ranad\.m2\repository\org\hamcrest\hamcrest-all\1.3\hamcrest-all-1.3.jar;C:\Users\ranad\.m2\repository\com\typesafe\config\1.2.1\config-1.2.1.jar;C:\Users\ranad\.m2\repository\com\fasterxml\jackson\core\jackson-databind\2.9.8\jackson-databind-2.9.8.jar;C:\Users\ranad\.m2\repository\com\fasterxml\jackson\core\jackson-annotations\2.9.0\jackson-annotations-2.9.0.jar;C:\Users\ranad\.m2\repository\com\fasterxml\jackson\core\jackson-core\2.9.8\jackson-core-2.9.8.jar;C:\Users\ranad\.m2\repository\org\seleniumhq\selenium\selenium-java\3.11.0\selenium-java-3.11.0.jar;C:\Users\ranad\.m2\repository\org\seleniumhq\selenium\selenium-api\3.11.0\selenium-api-3.11.0.jar;C:\Users\ranad\.m2\repository\org\seleniumhq\selenium\selenium-chrome-driver\3.11.0\selenium-chrome-driver-3.11.0.jar;C:\Users\ranad\.m2\repository\org\seleniumhq\selenium\selenium-edge-driver\3.11.0\selenium-edge-driver-3.11.0.jar;C:\Users\ranad\.m2\repository\org\seleniumhq\selenium\selenium-firefox-driver\3.11.0\selenium-firefox-driver-3.11.0.jar;C:\Users\ranad\.m2\repository\org\seleniumhq\selenium\selenium-ie-driver\3.11.0\selenium-ie-driver-3.11.0.jar;C:\Users\ranad\.m2\repository\org\seleniumhq\selenium\selenium-opera-driver\3.11.0\selenium-opera-driver-3.11.0.jar;C:\Users\ranad\.m2\repository\org\seleniumhq\selenium\selenium-remote-driver\3.11.0\selenium-remote-driver-3.11.0.jar;C:\Users\ranad\.m2\repository\org\seleniumhq\selenium\selenium-safari-driver\3.11.0\selenium-safari-driver-3.11.0.jar;C:\Users\ranad\.m2\repository\org\seleniumhq\selenium\selenium-support\3.11.0\selenium-support-3.11.0.jar;C:\Users\ranad\.m2\repository\net\bytebuddy\byte-buddy\1.7.9\byte-buddy-1.7.9.jar;C:\Users\ranad\.m2\repository\org\apache\commons\commons-exec\1.3\commons-exec-1.3.jar;C:\Users\ranad\.m2\repository\commons-codec\commons-codec\1.10\commons-codec-1.10.jar;C:\Users\ranad\.m2\repository\commons-logging\commons-logging\1.2\commons-logging-1.2.jar;C:\Users\ranad\.m2\repository\com\google\code\gson\gson\2.8.2\gson-2.8.2.jar;C:\Users\ranad\.m2\repository\com\google\guava\guava\23.6-jre\guava-23.6-jre.jar;C:\Users\ranad\.m2\repository\org\checkerframework\checker-compat-qual\2.0.0\checker-compat-qual-2.0.0.jar;C:\Users\ranad\.m2\repository\com\google\errorprone\error_prone_annotations\2.1.3\error_prone_annotations-2.1.3.jar;C:\Users\ranad\.m2\repository\com\google\j2objc\j2objc-annotations\1.1\j2objc-annotations-1.1.jar;C:\Users\ranad\.m2\repository\org\codehaus\mojo\animal-sniffer-annotations\1.14\animal-sniffer-annotations-1.14.jar;C:\Users\ranad\.m2\repository\org\apache\httpcomponents\httpcore\4.4.6\httpcore-4.4.6.jar;C:\Users\ranad\.m2\repository\com\squareup\okhttp3\okhttp\3.9.1\okhttp-3.9.1.jar;C:\Users\ranad\.m2\repository\com\squareup\okio\okio\1.13.0\okio-1.13.0.jar;C:\Users\ranad\.m2\repository\com\relevantcodes\extentreports\2.41.2\extentreports-2.41.2.jar;C:\Users\ranad\.m2\repository\org\jsoup\jsoup\1.8.3\jsoup-1.8.3.jar;C:\Users\ranad\.m2\repository\org\xerial\sqlite-jdbc\3.8.11.1\sqlite-jdbc-3.8.11.1.jar;C:\Users\ranad\.m2\repository\org\freemarker\freemarker\2.3.23\freemarker-2.3.23.jar;C:\Users\ranad\.m2\repository\org\mongodb\mongodb-driver\3.0.4\mongodb-driver-3.0.4.jar;C:\Users\ranad\.m2\repository\org\mongodb\mongodb-driver-core\3.0.4\mongodb-driver-core-3.0.4.jar;C:\Users\ranad\.m2\repository\com\aventstack\extentreports\4.0.9\extentreports-4.0.9.jar;C:\Users\ranad\.m2\repository\org\mongodb\bson\3.3.0\bson-3.3.0.jar;C:\Users\ranad\.m2\repository\org\springframework\spring-core\5.1.3.RELEASE\spring-core-5.1.3.RELEASE.jar;C:\Users\ranad\.m2\repository\org\springframework\spring-jcl\5.1.3.RELEASE\spring-jcl-5.1.3.RELEASE.jar;C:\Users\ranad\.m2\repository\org\springframework\spring-context\5.1.3.RELEASE\spring-context-5.1.3.RELEASE.jar;C:\Users\ranad\.m2\repository\org\springframework\spring-aop\5.1.3.RELEASE\spring-aop-5.1.3.RELEASE.jar;C:\Users\ranad\.m2\repository\org\springframework\spring-beans\5.1.3.RELEASE\spring-beans-5.1.3.RELEASE.jar;C:\Users\ranad\.m2\repository\org\springframework\spring-expression\5.1.3.RELEASE\spring-expression-5.1.3.RELEASE.jar;C:\Users\ranad\.m2\repository\org\apache\poi\poi-ooxml\4.0.1\poi-ooxml-4.0.1.jar;C:\Users\ranad\.m2\repository\org\apache\poi\poi\4.0.1\poi-4.0.1.jar;C:\Users\ranad\.m2\repository\org\apache\commons\commons-collections4\4.2\commons-collections4-4.2.jar;C:\Users\ranad\.m2\repository\org\apache\commons\commons-math3\3.6.1\commons-math3-3.6.1.jar;C:\Users\ranad\.m2\repository\org\apache\poi\poi-ooxml-schemas\4.0.1\poi-ooxml-schemas-4.0.1.jar;C:\Users\ranad\.m2\repository\org\apache\xmlbeans\xmlbeans\3.0.2\xmlbeans-3.0.2.jar;C:\Users\ranad\.m2\repository\org\apache\commons\commons-compress\1.18\commons-compress-1.18.jar;C:\Users\ranad\.m2\repository\com\github\virtuald\curvesapi\1.05\curvesapi-1.05.jar;C:\Users\ranad\.m2\repository\log4j\log4j\1.2.17\log4j-1.2.17.jar;C:\Users\ranad\.m2\repository\org\bytedeco\javacv\1.0\javacv-1.0.jar;C:\Users\ranad\.m2\repository\org\bytedeco\javacpp\1.0\javacpp-1.0.jar;C:\Users\ranad\.m2\repository\org\bytedeco\javacpp-presets\opencv\3.0.0-1.0\opencv-3.0.0-1.0.jar;C:\Users\ranad\.m2\repository\org\bytedeco\javacpp-presets\opencv\3.0.0-1.0\opencv-3.0.0-1.0-windows-x86_64.jar;C:\Users\ranad\.m2\repository\org\bytedeco\javacpp-presets\ffmpeg\2.7.1-1.0\ffmpeg-2.7.1-1.0.jar;C:\Users\ranad\.m2\repository\org\bytedeco\javacpp-presets\ffmpeg\2.7.1-1.0\ffmpeg-2.7.1-1.0-windows-x86_64.jar;C:\Users\ranad\.m2\repository\org\bytedeco\javacpp-presets\flycapture\2.7.3.19-1.0\flycapture-2.7.3.19-1.0.jar;C:\Users\ranad\.m2\repository\org\bytedeco\javacpp-presets\flycapture\2.7.3.19-1.0\flycapture-2.7.3.19-1.0-windows-x86_64.jar;C:\Users\ranad\.m2\repository\org\bytedeco\javacpp-presets\libdc1394\2.2.3-1.0\libdc1394-2.2.3-1.0.jar;C:\Users\ranad\.m2\repository\org\bytedeco\javacpp-presets\libdc1394\2.2.3-1.0\libdc1394-2.2.3-1.0-windows-x86_64.jar;C:\Users\ranad\.m2\repository\org\bytedeco\javacpp-presets\libfreenect\0.5.2-1.0\libfreenect-0.5.2-1.0.jar;C:\Users\ranad\.m2\repository\org\bytedeco\javacpp-presets\libfreenect\0.5.2-1.0\libfreenect-0.5.2-1.0-windows-x86_64.jar;C:\Users\ranad\.m2\repository\org\bytedeco\javacpp-presets\videoinput\0.200-1.0\videoinput-0.200-1.0.jar;C:\Users\ranad\.m2\repository\org\bytedeco\javacpp-presets\videoinput\0.200-1.0\videoinput-0.200-1.0-windows-x86_64.jar;C:\Users\ranad\.m2\repository\org\bytedeco\javacpp-presets\artoolkitplus\2.3.1-1.0\artoolkitplus-2.3.1-1.0.jar;C:\Users\ranad\.m2\repository\org\bytedeco\javacpp-presets\artoolkitplus\2.3.1-1.0\artoolkitplus-2.3.1-1.0-windows-x86_64.jar;C:\Users\ranad\.m2\repository\org\bytedeco\javacpp-presets\flandmark\1.07-1.0\flandmark-1.07-1.0.jar;C:\Users\ranad\.m2\repository\org\bytedeco\javacpp-presets\flandmark\1.07-1.0\flandmark-1.07-1.0-windows-x86_64.jar;C:\Users\ranad\.m2\repository\org\apache\maven\surefire\surefire-testng-utils\2.20.1\surefire-testng-utils-2.20.1.jar;C:\Users\ranad\.m2\repository\org\apache\maven\surefire\surefire-grouper\2.20.1\surefire-grouper-2.20.1.jar;"/>
    <property name="retryIfFailed" value="true"/>
    <property name="java.vm.vendor" value="Oracle Corporation"/>
    <property name="sun.arch.data.model" value="64"/>
    <property name="user.variant" value=""/>
    <property name="log4j.overwrite" value="true"/>
    <property name="java.vendor.url" value="http://java.oracle.com/"/>
    <property name="user.timezone" value=""/>
    <property name="os.name" value="Windows 10"/>
    <property name="java.vm.specification.version" value="1.8"/>
    <property name="api" value="Covid19India"/>
    <property name="user.country" value="IN"/>
    <property name="sun.java.launcher" value="SUN_STANDARD"/>
    <property name="sun.boot.library.path" value="C:\Program Files\Java\jdk1.8.0_241\jre\bin"/>
    <property name="sun.java.command" value="C:\Users\ranad\AppData\Local\Temp\surefire8577784627322122977\surefirebooter4386982512861793553.jar C:\Users\ranad\AppData\Local\Temp\surefire8577784627322122977 2020-05-05T19-11-02_009-jvmRun1 surefire6085534249039219942tmp surefire_04653910760642141816tmp"/>
    <property name="surefire.test.class.path" value="D:\git\test-framework-restassured-selenium-spring-00\target\test-classes;D:\git\test-framework-restassured-selenium-spring-00\target\classes;C:\Users\ranad\.m2\repository\io\rest-assured\rest-assured\4.3.0\rest-assured-4.3.0.jar;C:\Users\ranad\.m2\repository\org\codehaus\groovy\groovy\3.0.2\groovy-3.0.2.jar;C:\Users\ranad\.m2\repository\org\codehaus\groovy\groovy-xml\3.0.2\groovy-xml-3.0.2.jar;C:\Users\ranad\.m2\repository\org\apache\httpcomponents\httpclient\4.5.3\httpclient-4.5.3.jar;C:\Users\ranad\.m2\repository\org\apache\httpcomponents\httpmime\4.5.3\httpmime-4.5.3.jar;C:\Users\ranad\.m2\repository\org\hamcrest\hamcrest\2.1\hamcrest-2.1.jar;C:\Users\ranad\.m2\repository\org\ccil\cowan\tagsoup\tagsoup\1.2.1\tagsoup-1.2.1.jar;C:\Users\ranad\.m2\repository\io\rest-assured\json-path\4.3.0\json-path-4.3.0.jar;C:\Users\ranad\.m2\repository\org\codehaus\groovy\groovy-json\3.0.2\groovy-json-3.0.2.jar;C:\Users\ranad\.m2\repository\io\rest-assured\rest-assured-common\4.3.0\rest-assured-common-4.3.0.jar;C:\Users\ranad\.m2\repository\io\rest-assured\xml-path\4.3.0\xml-path-4.3.0.jar;C:\Users\ranad\.m2\repository\org\apache\commons\commons-lang3\3.4\commons-lang3-3.4.jar;C:\Users\ranad\.m2\repository\jakarta\xml\bind\jakarta.xml.bind-api\2.3.2\jakarta.xml.bind-api-2.3.2.jar;C:\Users\ranad\.m2\repository\jakarta\activation\jakarta.activation-api\1.2.1\jakarta.activation-api-1.2.1.jar;C:\Users\ranad\.m2\repository\com\sun\xml\bind\jaxb-osgi\2.3.0.1\jaxb-osgi-2.3.0.1.jar;C:\Users\ranad\.m2\repository\org\apache\sling\org.apache.sling.javax.activation\0.1.0\org.apache.sling.javax.activation-0.1.0.jar;C:\Users\ranad\.m2\repository\javax\activation\activation\1.1.1\activation-1.1.1.jar;C:\Users\ranad\.m2\repository\io\rest-assured\json-schema-validator\4.3.0\json-schema-validator-4.3.0.jar;C:\Users\ranad\.m2\repository\com\github\java-json-tools\json-schema-validator\2.2.10\json-schema-validator-2.2.10.jar;C:\Users\ranad\.m2\repository\com\github\java-json-tools\json-schema-core\1.2.10\json-schema-core-1.2.10.jar;C:\Users\ranad\.m2\repository\com\github\java-json-tools\jackson-coreutils\1.9\jackson-coreutils-1.9.jar;C:\Users\ranad\.m2\repository\com\github\fge\msg-simple\1.1\msg-simple-1.1.jar;C:\Users\ranad\.m2\repository\com\github\fge\btf\1.2\btf-1.2.jar;C:\Users\ranad\.m2\repository\com\github\fge\uri-template\0.9\uri-template-0.9.jar;C:\Users\ranad\.m2\repository\org\mozilla\rhino\1.7.7.1\rhino-1.7.7.1.jar;C:\Users\ranad\.m2\repository\javax\mail\mailapi\1.4.3\mailapi-1.4.3.jar;C:\Users\ranad\.m2\repository\joda-time\joda-time\2.9.7\joda-time-2.9.7.jar;C:\Users\ranad\.m2\repository\com\googlecode\libphonenumber\libphonenumber\8.0.0\libphonenumber-8.0.0.jar;C:\Users\ranad\.m2\repository\com\google\code\findbugs\jsr305\3.0.1\jsr305-3.0.1.jar;C:\Users\ranad\.m2\repository\net\sf\jopt-simple\jopt-simple\5.0.3\jopt-simple-5.0.3.jar;C:\Users\ranad\.m2\repository\org\testng\testng\6.10\testng-6.10.jar;C:\Users\ranad\.m2\repository\com\beust\jcommander\1.48\jcommander-1.48.jar;C:\Users\ranad\.m2\repository\org\hamcrest\hamcrest-core\2.1\hamcrest-core-2.1.jar;C:\Users\ranad\.m2\repository\org\hamcrest\hamcrest-all\1.3\hamcrest-all-1.3.jar;C:\Users\ranad\.m2\repository\com\typesafe\config\1.2.1\config-1.2.1.jar;C:\Users\ranad\.m2\repository\com\fasterxml\jackson\core\jackson-databind\2.9.8\jackson-databind-2.9.8.jar;C:\Users\ranad\.m2\repository\com\fasterxml\jackson\core\jackson-annotations\2.9.0\jackson-annotations-2.9.0.jar;C:\Users\ranad\.m2\repository\com\fasterxml\jackson\core\jackson-core\2.9.8\jackson-core-2.9.8.jar;C:\Users\ranad\.m2\repository\org\seleniumhq\selenium\selenium-java\3.11.0\selenium-java-3.11.0.jar;C:\Users\ranad\.m2\repository\org\seleniumhq\selenium\selenium-api\3.11.0\selenium-api-3.11.0.jar;C:\Users\ranad\.m2\repository\org\seleniumhq\selenium\selenium-chrome-driver\3.11.0\selenium-chrome-driver-3.11.0.jar;C:\Users\ranad\.m2\repository\org\seleniumhq\selenium\selenium-edge-driver\3.11.0\selenium-edge-driver-3.11.0.jar;C:\Users\ranad\.m2\repository\org\seleniumhq\selenium\selenium-firefox-driver\3.11.0\selenium-firefox-driver-3.11.0.jar;C:\Users\ranad\.m2\repository\org\seleniumhq\selenium\selenium-ie-driver\3.11.0\selenium-ie-driver-3.11.0.jar;C:\Users\ranad\.m2\repository\org\seleniumhq\selenium\selenium-opera-driver\3.11.0\selenium-opera-driver-3.11.0.jar;C:\Users\ranad\.m2\repository\org\seleniumhq\selenium\selenium-remote-driver\3.11.0\selenium-remote-driver-3.11.0.jar;C:\Users\ranad\.m2\repository\org\seleniumhq\selenium\selenium-safari-driver\3.11.0\selenium-safari-driver-3.11.0.jar;C:\Users\ranad\.m2\repository\org\seleniumhq\selenium\selenium-support\3.11.0\selenium-support-3.11.0.jar;C:\Users\ranad\.m2\repository\net\bytebuddy\byte-buddy\1.7.9\byte-buddy-1.7.9.jar;C:\Users\ranad\.m2\repository\org\apache\commons\commons-exec\1.3\commons-exec-1.3.jar;C:\Users\ranad\.m2\repository\commons-codec\commons-codec\1.10\commons-codec-1.10.jar;C:\Users\ranad\.m2\repository\commons-logging\commons-logging\1.2\commons-logging-1.2.jar;C:\Users\ranad\.m2\repository\com\google\code\gson\gson\2.8.2\gson-2.8.2.jar;C:\Users\ranad\.m2\repository\com\google\guava\guava\23.6-jre\guava-23.6-jre.jar;C:\Users\ranad\.m2\repository\org\checkerframework\checker-compat-qual\2.0.0\checker-compat-qual-2.0.0.jar;C:\Users\ranad\.m2\repository\com\google\errorprone\error_prone_annotations\2.1.3\error_prone_annotations-2.1.3.jar;C:\Users\ranad\.m2\repository\com\google\j2objc\j2objc-annotations\1.1\j2objc-annotations-1.1.jar;C:\Users\ranad\.m2\repository\org\codehaus\mojo\animal-sniffer-annotations\1.14\animal-sniffer-annotations-1.14.jar;C:\Users\ranad\.m2\repository\org\apache\httpcomponents\httpcore\4.4.6\httpcore-4.4.6.jar;C:\Users\ranad\.m2\repository\com\squareup\okhttp3\okhttp\3.9.1\okhttp-3.9.1.jar;C:\Users\ranad\.m2\repository\com\squareup\okio\okio\1.13.0\okio-1.13.0.jar;C:\Users\ranad\.m2\repository\com\relevantcodes\extentreports\2.41.2\extentreports-2.41.2.jar;C:\Users\ranad\.m2\repository\org\jsoup\jsoup\1.8.3\jsoup-1.8.3.jar;C:\Users\ranad\.m2\repository\org\xerial\sqlite-jdbc\3.8.11.1\sqlite-jdbc-3.8.11.1.jar;C:\Users\ranad\.m2\repository\org\freemarker\freemarker\2.3.23\freemarker-2.3.23.jar;C:\Users\ranad\.m2\repository\org\mongodb\mongodb-driver\3.0.4\mongodb-driver-3.0.4.jar;C:\Users\ranad\.m2\repository\org\mongodb\mongodb-driver-core\3.0.4\mongodb-driver-core-3.0.4.jar;C:\Users\ranad\.m2\repository\com\aventstack\extentreports\4.0.9\extentreports-4.0.9.jar;C:\Users\ranad\.m2\repository\org\mongodb\bson\3.3.0\bson-3.3.0.jar;C:\Users\ranad\.m2\repository\org\springframework\spring-core\5.1.3.RELEASE\spring-core-5.1.3.RELEASE.jar;C:\Users\ranad\.m2\repository\org\springframework\spring-jcl\5.1.3.RELEASE\spring-jcl-5.1.3.RELEASE.jar;C:\Users\ranad\.m2\repository\org\springframework\spring-context\5.1.3.RELEASE\spring-context-5.1.3.RELEASE.jar;C:\Users\ranad\.m2\repository\org\springframework\spring-aop\5.1.3.RELEASE\spring-aop-5.1.3.RELEASE.jar;C:\Users\ranad\.m2\repository\org\springframework\spring-beans\5.1.3.RELEASE\spring-beans-5.1.3.RELEASE.jar;C:\Users\ranad\.m2\repository\org\springframework\spring-expression\5.1.3.RELEASE\spring-expression-5.1.3.RELEASE.jar;C:\Users\ranad\.m2\repository\org\apache\poi\poi-ooxml\4.0.1\poi-ooxml-4.0.1.jar;C:\Users\ranad\.m2\repository\org\apache\poi\poi\4.0.1\poi-4.0.1.jar;C:\Users\ranad\.m2\repository\org\apache\commons\commons-collections4\4.2\commons-collections4-4.2.jar;C:\Users\ranad\.m2\repository\org\apache\commons\commons-math3\3.6.1\commons-math3-3.6.1.jar;C:\Users\ranad\.m2\repository\org\apache\poi\poi-ooxml-schemas\4.0.1\poi-ooxml-schemas-4.0.1.jar;C:\Users\ranad\.m2\repository\org\apache\xmlbeans\xmlbeans\3.0.2\xmlbeans-3.0.2.jar;C:\Users\ranad\.m2\repository\org\apache\commons\commons-compress\1.18\commons-compress-1.18.jar;C:\Users\ranad\.m2\repository\com\github\virtuald\curvesapi\1.05\curvesapi-1.05.jar;C:\Users\ranad\.m2\repository\log4j\log4j\1.2.17\log4j-1.2.17.jar;C:\Users\ranad\.m2\repository\org\bytedeco\javacv\1.0\javacv-1.0.jar;C:\Users\ranad\.m2\repository\org\bytedeco\javacpp\1.0\javacpp-1.0.jar;C:\Users\ranad\.m2\repository\org\bytedeco\javacpp-presets\opencv\3.0.0-1.0\opencv-3.0.0-1.0.jar;C:\Users\ranad\.m2\repository\org\bytedeco\javacpp-presets\opencv\3.0.0-1.0\opencv-3.0.0-1.0-windows-x86_64.jar;C:\Users\ranad\.m2\repository\org\bytedeco\javacpp-presets\ffmpeg\2.7.1-1.0\ffmpeg-2.7.1-1.0.jar;C:\Users\ranad\.m2\repository\org\bytedeco\javacpp-presets\ffmpeg\2.7.1-1.0\ffmpeg-2.7.1-1.0-windows-x86_64.jar;C:\Users\ranad\.m2\repository\org\bytedeco\javacpp-presets\flycapture\2.7.3.19-1.0\flycapture-2.7.3.19-1.0.jar;C:\Users\ranad\.m2\repository\org\bytedeco\javacpp-presets\flycapture\2.7.3.19-1.0\flycapture-2.7.3.19-1.0-windows-x86_64.jar;C:\Users\ranad\.m2\repository\org\bytedeco\javacpp-presets\libdc1394\2.2.3-1.0\libdc1394-2.2.3-1.0.jar;C:\Users\ranad\.m2\repository\org\bytedeco\javacpp-presets\libdc1394\2.2.3-1.0\libdc1394-2.2.3-1.0-windows-x86_64.jar;C:\Users\ranad\.m2\repository\org\bytedeco\javacpp-presets\libfreenect\0.5.2-1.0\libfreenect-0.5.2-1.0.jar;C:\Users\ranad\.m2\repository\org\bytedeco\javacpp-presets\libfreenect\0.5.2-1.0\libfreenect-0.5.2-1.0-windows-x86_64.jar;C:\Users\ranad\.m2\repository\org\bytedeco\javacpp-presets\videoinput\0.200-1.0\videoinput-0.200-1.0.jar;C:\Users\ranad\.m2\repository\org\bytedeco\javacpp-presets\videoinput\0.200-1.0\videoinput-0.200-1.0-windows-x86_64.jar;C:\Users\ranad\.m2\repository\org\bytedeco\javacpp-presets\artoolkitplus\2.3.1-1.0\artoolkitplus-2.3.1-1.0.jar;C:\Users\ranad\.m2\repository\org\bytedeco\javacpp-presets\artoolkitplus\2.3.1-1.0\artoolkitplus-2.3.1-1.0-windows-x86_64.jar;C:\Users\ranad\.m2\repository\org\bytedeco\javacpp-presets\flandmark\1.07-1.0\flandmark-1.07-1.0.jar;C:\Users\ranad\.m2\repository\org\bytedeco\javacpp-presets\flandmark\1.07-1.0\flandmark-1.07-1.0-windows-x86_64.jar;C:\Users\ranad\.m2\repository\org\apache\maven\surefire\surefire-testng-utils\2.20.1\surefire-testng-utils-2.20.1.jar;C:\Users\ranad\.m2\repository\org\apache\maven\surefire\surefire-grouper\2.20.1\surefire-grouper-2.20.1.jar;"/>
    <property name="sun.cpu.endian" value="little"/>
    <property name="user.home" value="C:\Users\ranad"/>
    <property name="user.language" value="en"/>
    <property name="java.specification.vendor" value="Oracle Corporation"/>
    <property name="java.home" value="C:\Program Files\Java\jdk1.8.0_241\jre"/>
    <property name="basedir" value="D:\git\test-framework-restassured-selenium-spring-00"/>
    <property name="style.color" value="always"/>
    <property name="file.separator" value="\"/>
    <property name="line.separator" value="&#10;"/>
    <property name="java.vm.specification.vendor" value="Oracle Corporation"/>
    <property name="java.specification.name" value="Java Platform API Specification"/>
    <property name="java.awt.graphicsenv" value="sun.awt.Win32GraphicsEnvironment"/>
    <property name="surefire.real.class.path" value="C:\Users\ranad\AppData\Local\Temp\surefire8577784627322122977\surefirebooter4386982512861793553.jar"/>
    <property name="sun.boot.class.path" value="C:\Program Files\Java\jdk1.8.0_241\jre\lib\resources.jar;C:\Program Files\Java\jdk1.8.0_241\jre\lib\rt.jar;C:\Program Files\Java\jdk1.8.0_241\jre\lib\sunrsasign.jar;C:\Program Files\Java\jdk1.8.0_241\jre\lib\jsse.jar;C:\Program Files\Java\jdk1.8.0_241\jre\lib\jce.jar;C:\Program Files\Java\jdk1.8.0_241\jre\lib\charsets.jar;C:\Program Files\Java\jdk1.8.0_241\jre\lib\jfr.jar;C:\Program Files\Java\jdk1.8.0_241\jre\classes"/>
    <property name="user.script" value=""/>
    <property name="sun.management.compiler" value="HotSpot 64-Bit Tiered Compilers"/>
    <property name="java.runtime.version" value="1.8.0_241-b07"/>
    <property name="user.name" value="ranad"/>
    <property name="path.separator" value=";"/>
    <property name="groups.include" value="sanity"/>
    <property name="os.version" value="10.0"/>
    <property name="java.endorsed.dirs" value="C:\Program Files\Java\jdk1.8.0_241\jre\lib\endorsed"/>
    <property name="java.runtime.name" value="Java(TM) SE Runtime Environment"/>
    <property name="file.encoding" value="Cp1252"/>
    <property name="browser" value="chrome"/>
    <property name="java.vm.name" value="Java HotSpot(TM) 64-Bit Server VM"/>
    <property name="localRepository" value="C:\Users\ranad\.m2\repository"/>
    <property name="java.vendor.url.bug" value="http://bugreport.sun.com/bugreport/"/>
    <property name="java.io.tmpdir" value="C:\Users\ranad\AppData\Local\Temp\"/>
    <property name="java.version" value="1.8.0_241"/>
    <property name="user.dir" value="D:\git\test-framework-restassured-selenium-spring-00"/>
    <property name="os.arch" value="amd64"/>
    <property name="java.vm.specification.name" value="Java Virtual Machine Specification"/>
    <property name="java.awt.printerjob" value="sun.awt.windows.WPrinterJob"/>
    <property name="sun.os.patch.level" value=""/>
    <property name="java.library.path" value="C:\Program Files\Java\jdk1.8.0_241\jre\bin;C:\Windows\Sun\Java\bin;C:\Windows\system32;C:\Windows;C:/Program Files/Java/jre1.8.0_241/bin/server;C:/Program Files/Java/jre1.8.0_241/bin;C:/Program Files/Java/jre1.8.0_241/lib/amd64;C:\Program Files (x86)\Common Files\Oracle\Java\javapath;C:\Windows\system32;C:\Windows;C:\Windows\System32\Wbem;C:\Windows\System32\WindowsPowerShell\v1.0\;C:\Windows\System32\OpenSSH\;C:\Program Files\Intel\WiFi\bin\;C:\Program Files\Common Files\Intel\WirelessCommon\;C:\Program Files\Git\cmd;C:\Program Files\MySQL\MySQL Shell 8.0\bin\;C:\Users\ranad\AppData\Local\Microsoft\WindowsApps;;D:\Setups\spring-tool-suite-3.9.12.RELEASE-e4.15.0-win32-x86_64\sts-bundle\sts-3.9.12.RELEASE;;."/>
    <property name="java.vm.info" value="mixed mode"/>
    <property name="java.vendor" value="Oracle Corporation"/>
    <property name="java.vm.version" value="25.241-b07"/>
    <property name="retry-count" value="0"/>
    <property name="java.ext.dirs" value="C:\Program Files\Java\jdk1.8.0_241\jre\lib\ext;C:\Windows\Sun\Java\lib\ext"/>
    <property name="sun.io.unicode.encoding" value="UnicodeLittle"/>
    <property name="java.class.version" value="52.0"/>
  </properties>
  <testcase name="checkCaseCalculationsForDelhi" classname="com.ui.testautomation.CovidIndiaUITest" time="12.114">
    <failure message="Data on UI &amp; API doesnot match expected [true] but found [false]" type="java.lang.AssertionError"><![CDATA[java.lang.AssertionError: Data on UI & API doesnot match expected [true] but found [false]
	at com.ui.testautomation.CovidIndiaUITest.checkCaseCalculationsForDelhi(CovidIndiaUITest.java:62)
]]></failure>
    <system-out><![CDATA[Fetched properties file on location : D:\git\test-framework-restassured-selenium-spring-00/log4j.properties
System value 'log4j.overwrite' : true
Modified properties file with key : log4j.appender.HTML_FILE.Append, Value : true
Properties file on locationD:\git\test-framework-restassured-selenium-spring-00/log4j.properties updated
Modified properties file with key : log4j.appender.FILE.Append, Value : true
Properties file on locationD:\git\test-framework-restassured-selenium-spring-00/log4j.properties updated
Spring Bean initiation of Rest Call class
Driver session is active
Initiating Method : checkCaseCalculationsForDelhi
Screen shot captured at Covid19IndiaDashboard page
Find the screen shot at : src/test/resources/shots/RDB_00_Covid19India_Covid19IndiaDashboard.jpg
Screen shot captured at Covid19IndiaDashboard page
Find the screen shot at : src/test/resources/shots/RDB_01_Covid19India_Covid19IndiaDashboard.jpg
Navigated to : http://www.covid19India.org
Screen shot captured at Covid19IndiaDashboard page
Find the screen shot at : src/test/resources/shots/RDB_02_Covid19India_Covid19IndiaDashboard.jpg
State :DELHI
Confirmed : 4898, Active : 3403, Recovered : 1431, Deceased : 64
Verified Active Cases : Confirmed - Recovered + deceased
4898 - 1431 + 64 = 3403
Screen shot captured at Covid19IndiaDashboard_DELHI_StateScenario page
Find the screen shot at : src/test/resources/shots/RDB_03_Covid19India_Covid19IndiaDashboard_DELHI_StateScenario.jpg
Config file initiated
No such file found D:\git\test-framework-restassured-selenium-spring-00\src\test\resources\Covid19India\state-district-v2\Headers.properties
Headers : {sec-fetch-mode=cors, if-modified-since=Mon, 27 Apr 2020 12:41:53 GMT, referer=https://www.covid19india.org/, sec-fetch-site=same-site, accept-language=en-US,en;q=0.9, origin=https://www.covid19india.org, accept-encoding=gzip, deflate, br, accept=application/json, text/plain, */*, user-agent=Mozilla/5.0 (Windows NT 10.0; Win64; x64) AppleWebKit/537.36 (KHTML, like Gecko) Chrome/81.0.4044.122 Safari/537.36, sec-fetch-dest=empty}
Config file initiated
Fetching config property of : Covid19India
Fetching config property of : state-district-v2
Request method:	GET
Request URI:	https://api.covid19india.org/v2/state_district_wise.json
Proxy:			<none>
Request params:	<none>
Query params:	<none>
Form params:	<none>
Path params:	<none>
Headers:		sec-fetch-mode=cors
				if-modified-since=Mon, 27 Apr 2020 12:41:53 GMT
				referer=https://www.covid19india.org/
				sec-fetch-site=same-site
				accept-language=en-US,en;q=0.9
				origin=https://www.covid19india.org
				accept-encoding=gzip, deflate, br
				accept=application/json, text/plain, */*
				user-agent=Mozilla/5.0 (Windows NT 10.0; Win64; x64) AppleWebKit/537.36 (KHTML, like Gecko) Chrome/81.0.4044.122 Safari/537.36
				sec-fetch-dest=empty
Cookies:		<none>
Multiparts:		<none>
Body:			<none>
Screen shot captured at explicit_failed page
Find the screen shot at : src/test/resources/shots/RDB_04_Covid19India_explicit_failed.jpg
]]></system-out>
    <system-err><![CDATA[log4j:WARN No appenders could be found for logger (com.app.testautomation.initiators.TestBaseSteps).
log4j:WARN Please initialize the log4j system properly.
log4j:WARN See http://logging.apache.org/log4j/1.2/faq.html#noconfig for more info.
Starting ChromeDriver 80.0.3987.106 (f68069574609230cf9b635cd784cfb1bf81bb53a-refs/branch-heads/3987@{#882}) on port 42728
Only local connections are allowed.
Please protect ports used by ChromeDriver and related test frameworks to prevent access by malicious code.
[1588686065.756][WARNING]: This version of ChromeDriver has not been tested with Chrome version 81.
[1588686067.760][WARNING]: Timed out connecting to Chrome, retrying...
[1588686071.771][WARNING]: Timed out connecting to Chrome, retrying...
May 05, 2020 7:11:13 PM org.openqa.selenium.remote.ProtocolHandshake createSession
INFO: Detected dialect: W3C
log4j:WARN No such property [maxFileSize] in org.apache.log4j.FileAppender.
log4j:WARN No such property [maxBackupIndex] in org.apache.log4j.FileAppender.
May 05, 2020 7:11:14 PM com.app.testautomation.listeners.BasicTestListeners onStart
INFO: Suite started :Covid19IndiaTestReport
May 05, 2020 7:11:14 PM com.app.testautomation.listeners.BasicTestListeners onStart
INFO: Test started at : 5 May 2020 13:41:14 GMT
May 05, 2020 7:11:14 PM com.app.testautomation.listeners.MethodInterceptorListener intercept
INFO: Intercepting methods as per group name provided
May 05, 2020 7:11:14 PM com.app.testautomation.listeners.MethodInterceptorListener intercept
INFO: As per requested groups : [sanity]
May 05, 2020 7:11:14 PM com.app.testautomation.listeners.MethodInterceptorListener intercept
INFO: As per requested groups : [sanity]
May 05, 2020 7:11:14 PM com.app.testautomation.listeners.MethodInterceptorListener intercept
INFO: As per requested groups : [sanity]
May 05, 2020 7:11:14 PM com.app.testautomation.listeners.MethodInterceptorListener intercept
INFO: checkCaseCalculationsForDelhi to be executed
May 05, 2020 7:11:14 PM com.app.testautomation.listeners.MethodInterceptorListener intercept
INFO: As per requested groups : [sanity]
May 05, 2020 7:11:14 PM com.app.testautomation.listeners.MethodInterceptorListener intercept
INFO: As per requested groups : [sanity]
May 05, 2020 7:11:14 PM com.app.testautomation.listeners.MethodInterceptorListener intercept
INFO: As per requested groups : [sanity]
May 05, 2020 7:11:14 PM com.app.testautomation.listeners.MethodInterceptorListener intercept
INFO: As per requested groups : [sanity]
May 05, 2020 7:11:14 PM com.app.testautomation.listeners.MethodInterceptorListener intercept
INFO: As per requested groups : [sanity]
May 05, 2020 7:11:14 PM com.app.testautomation.listeners.MethodInterceptorListener intercept
INFO: verifyRedZonesOfAllStates to be executed
May 05, 2020 7:11:14 PM com.app.testautomation.listeners.MethodInterceptorListener intercept
INFO: As per requested groups : [sanity]
May 05, 2020 7:11:14 PM com.app.testautomation.listeners.MethodInterceptorListener intercept
INFO: As per requested groups : [sanity]
May 05, 2020 7:11:14 PM com.app.testautomation.listeners.MethodInvokeListener beforeInvocation
INFO: Method initiateMethod is not enabled
[1588686075.373][SEVERE]: Timed out receiving message from renderer: 0.100
[1588686075.887][SEVERE]: Timed out receiving message from renderer: 0.100
[1588686076.027][SEVERE]: Timed out receiving message from renderer: 0.100
[1588686076.138][SEVERE]: Timed out receiving message from renderer: 0.100
[1588686076.367][SEVERE]: Timed out receiving message from renderer: 0.100
[1588686076.472][SEVERE]: Timed out receiving message from renderer: 0.100
May 05, 2020 7:11:18 PM com.app.testautomation.listeners.BasicTestListeners onTestStart
INFO: Executiing method : checkCaseCalculationsForDelhi
May 05, 2020 7:11:18 PM com.app.testautomation.listeners.MethodInvokeListener beforeInvocation
INFO: Method checkCaseCalculationsForDelhi execution starts on : Tue May 05 19:11:18 IST 2020
May 05, 2020 7:11:30 PM com.app.testautomation.listeners.MethodInvokeListener afterInvocation
INFO: MethodcheckCaseCalculationsForDelhi execution completed on : Tue May 05 19:11:18 IST 2020
]]></system-err>
  </testcase>
  <testcase name="verifyRedZonesOfAllStates" classname="com.ui.testautomation.CovidIndiaUITest" time="94.633"/>
</testsuite>