<?xml version="1.0" encoding="UTF-8"?>
<testsuite xmlns:xsi="http://www.w3.org/2001/XMLSchema-instance" xsi:noNamespaceSchemaLocation="https://maven.apache.org/surefire/maven-surefire-plugin/xsd/surefire-test-report.xsd" name="TestSuite" time="78.06" tests="3" errors="0" skipped="2" failures="1">
  <properties>
    <property name="sun.desktop" value="windows"/>
    <property name="awt.toolkit" value="sun.awt.windows.WToolkit"/>
    <property name="file.encoding.pkg" value="sun.io"/>
    <property name="java.specification.version" value="1.8"/>
    <property name="sun.cpu.isalist" value="amd64"/>
    <property name="sun.jnu.encoding" value="Cp1252"/>
    <property name="grid.run" value="false"/>
    <property name="java.class.path" value="C:\Users\ranad\git\test-framework-restassured-selenium-spring-01\target\test-classes;C:\Users\ranad\git\test-framework-restassured-selenium-spring-01\target\classes;C:\Users\ranad\.m2\repository\io\rest-assured\rest-assured\4.3.0\rest-assured-4.3.0.jar;C:\Users\ranad\.m2\repository\org\codehaus\groovy\groovy\3.0.2\groovy-3.0.2.jar;C:\Users\ranad\.m2\repository\org\codehaus\groovy\groovy-xml\3.0.2\groovy-xml-3.0.2.jar;C:\Users\ranad\.m2\repository\org\apache\httpcomponents\httpclient\4.5.3\httpclient-4.5.3.jar;C:\Users\ranad\.m2\repository\org\apache\httpcomponents\httpmime\4.5.3\httpmime-4.5.3.jar;C:\Users\ranad\.m2\repository\org\hamcrest\hamcrest\2.1\hamcrest-2.1.jar;C:\Users\ranad\.m2\repository\org\ccil\cowan\tagsoup\tagsoup\1.2.1\tagsoup-1.2.1.jar;C:\Users\ranad\.m2\repository\io\rest-assured\json-path\4.3.0\json-path-4.3.0.jar;C:\Users\ranad\.m2\repository\org\codehaus\groovy\groovy-json\3.0.2\groovy-json-3.0.2.jar;C:\Users\ranad\.m2\repository\io\rest-assured\rest-assured-common\4.3.0\rest-assured-common-4.3.0.jar;C:\Users\ranad\.m2\repository\io\rest-assured\xml-path\4.3.0\xml-path-4.3.0.jar;C:\Users\ranad\.m2\repository\org\apache\commons\commons-lang3\3.4\commons-lang3-3.4.jar;C:\Users\ranad\.m2\repository\jakarta\xml\bind\jakarta.xml.bind-api\2.3.2\jakarta.xml.bind-api-2.3.2.jar;C:\Users\ranad\.m2\repository\jakarta\activation\jakarta.activation-api\1.2.1\jakarta.activation-api-1.2.1.jar;C:\Users\ranad\.m2\repository\com\sun\xml\bind\jaxb-osgi\2.3.0.1\jaxb-osgi-2.3.0.1.jar;C:\Users\ranad\.m2\repository\org\apache\sling\org.apache.sling.javax.activation\0.1.0\org.apache.sling.javax.activation-0.1.0.jar;C:\Users\ranad\.m2\repository\javax\activation\activation\1.1.1\activation-1.1.1.jar;C:\Users\ranad\.m2\repository\io\rest-assured\json-schema-validator\4.3.0\json-schema-validator-4.3.0.jar;C:\Users\ranad\.m2\repository\com\github\java-json-tools\json-schema-validator\2.2.10\json-schema-validator-2.2.10.jar;C:\Users\ranad\.m2\repository\com\github\java-json-tools\json-schema-core\1.2.10\json-schema-core-1.2.10.jar;C:\Users\ranad\.m2\repository\com\github\java-json-tools\jackson-coreutils\1.9\jackson-coreutils-1.9.jar;C:\Users\ranad\.m2\repository\com\github\fge\msg-simple\1.1\msg-simple-1.1.jar;C:\Users\ranad\.m2\repository\com\github\fge\btf\1.2\btf-1.2.jar;C:\Users\ranad\.m2\repository\com\github\fge\uri-template\0.9\uri-template-0.9.jar;C:\Users\ranad\.m2\repository\org\mozilla\rhino\1.7.7.1\rhino-1.7.7.1.jar;C:\Users\ranad\.m2\repository\javax\mail\mailapi\1.4.3\mailapi-1.4.3.jar;C:\Users\ranad\.m2\repository\joda-time\joda-time\2.9.7\joda-time-2.9.7.jar;C:\Users\ranad\.m2\repository\com\googlecode\libphonenumber\libphonenumber\8.0.0\libphonenumber-8.0.0.jar;C:\Users\ranad\.m2\repository\com\google\code\findbugs\jsr305\3.0.1\jsr305-3.0.1.jar;C:\Users\ranad\.m2\repository\net\sf\jopt-simple\jopt-simple\5.0.3\jopt-simple-5.0.3.jar;C:\Users\ranad\.m2\repository\org\testng\testng\6.10\testng-6.10.jar;C:\Users\ranad\.m2\repository\com\beust\jcommander\1.48\jcommander-1.48.jar;C:\Users\ranad\.m2\repository\org\hamcrest\hamcrest-core\2.1\hamcrest-core-2.1.jar;C:\Users\ranad\.m2\repository\org\hamcrest\hamcrest-all\1.3\hamcrest-all-1.3.jar;C:\Users\ranad\.m2\repository\com\typesafe\config\1.2.1\config-1.2.1.jar;C:\Users\ranad\.m2\repository\com\fasterxml\jackson\core\jackson-databind\2.9.8\jackson-databind-2.9.8.jar;C:\Users\ranad\.m2\repository\com\fasterxml\jackson\core\jackson-annotations\2.9.0\jackson-annotations-2.9.0.jar;C:\Users\ranad\.m2\repository\com\fasterxml\jackson\core\jackson-core\2.9.8\jackson-core-2.9.8.jar;C:\Users\ranad\.m2\repository\org\seleniumhq\selenium\selenium-java\3.11.0\selenium-java-3.11.0.jar;C:\Users\ranad\.m2\repository\org\seleniumhq\selenium\selenium-api\3.11.0\selenium-api-3.11.0.jar;C:\Users\ranad\.m2\repository\org\seleniumhq\selenium\selenium-chrome-driver\3.11.0\selenium-chrome-driver-3.11.0.jar;C:\Users\ranad\.m2\repository\org\seleniumhq\selenium\selenium-edge-driver\3.11.0\selenium-edge-driver-3.11.0.jar;C:\Users\ranad\.m2\repository\org\seleniumhq\selenium\selenium-firefox-driver\3.11.0\selenium-firefox-driver-3.11.0.jar;C:\Users\ranad\.m2\repository\org\seleniumhq\selenium\selenium-ie-driver\3.11.0\selenium-ie-driver-3.11.0.jar;C:\Users\ranad\.m2\repository\org\seleniumhq\selenium\selenium-opera-driver\3.11.0\selenium-opera-driver-3.11.0.jar;C:\Users\ranad\.m2\repository\org\seleniumhq\selenium\selenium-remote-driver\3.11.0\selenium-remote-driver-3.11.0.jar;C:\Users\ranad\.m2\repository\org\seleniumhq\selenium\selenium-safari-driver\3.11.0\selenium-safari-driver-3.11.0.jar;C:\Users\ranad\.m2\repository\org\seleniumhq\selenium\selenium-support\3.11.0\selenium-support-3.11.0.jar;C:\Users\ranad\.m2\repository\net\bytebuddy\byte-buddy\1.7.9\byte-buddy-1.7.9.jar;C:\Users\ranad\.m2\repository\org\apache\commons\commons-exec\1.3\commons-exec-1.3.jar;C:\Users\ranad\.m2\repository\commons-codec\commons-codec\1.10\commons-codec-1.10.jar;C:\Users\ranad\.m2\repository\commons-logging\commons-logging\1.2\commons-logging-1.2.jar;C:\Users\ranad\.m2\repository\com\google\code\gson\gson\2.8.2\gson-2.8.2.jar;C:\Users\ranad\.m2\repository\com\google\guava\guava\23.6-jre\guava-23.6-jre.jar;C:\Users\ranad\.m2\repository\org\checkerframework\checker-compat-qual\2.0.0\checker-compat-qual-2.0.0.jar;C:\Users\ranad\.m2\repository\com\google\errorprone\error_prone_annotations\2.1.3\error_prone_annotations-2.1.3.jar;C:\Users\ranad\.m2\repository\com\google\j2objc\j2objc-annotations\1.1\j2objc-annotations-1.1.jar;C:\Users\ranad\.m2\repository\org\codehaus\mojo\animal-sniffer-annotations\1.14\animal-sniffer-annotations-1.14.jar;C:\Users\ranad\.m2\repository\org\apache\httpcomponents\httpcore\4.4.6\httpcore-4.4.6.jar;C:\Users\ranad\.m2\repository\com\squareup\okhttp3\okhttp\3.9.1\okhttp-3.9.1.jar;C:\Users\ranad\.m2\repository\com\squareup\okio\okio\1.13.0\okio-1.13.0.jar;C:\Users\ranad\.m2\repository\com\relevantcodes\extentreports\2.41.2\extentreports-2.41.2.jar;C:\Users\ranad\.m2\repository\org\jsoup\jsoup\1.8.3\jsoup-1.8.3.jar;C:\Users\ranad\.m2\repository\org\xerial\sqlite-jdbc\3.8.11.1\sqlite-jdbc-3.8.11.1.jar;C:\Users\ranad\.m2\repository\org\freemarker\freemarker\2.3.23\freemarker-2.3.23.jar;C:\Users\ranad\.m2\repository\org\mongodb\mongodb-driver\3.0.4\mongodb-driver-3.0.4.jar;C:\Users\ranad\.m2\repository\org\mongodb\bson\3.0.4\bson-3.0.4.jar;C:\Users\ranad\.m2\repository\org\mongodb\mongodb-driver-core\3.0.4\mongodb-driver-core-3.0.4.jar;C:\Users\ranad\.m2\repository\com\aventstack\extentreports\3.0.0\extentreports-3.0.0.jar;C:\Users\ranad\.m2\repository\org\springframework\spring-core\5.1.3.RELEASE\spring-core-5.1.3.RELEASE.jar;C:\Users\ranad\.m2\repository\org\springframework\spring-jcl\5.1.3.RELEASE\spring-jcl-5.1.3.RELEASE.jar;C:\Users\ranad\.m2\repository\org\springframework\spring-context\5.1.3.RELEASE\spring-context-5.1.3.RELEASE.jar;C:\Users\ranad\.m2\repository\org\springframework\spring-aop\5.1.3.RELEASE\spring-aop-5.1.3.RELEASE.jar;C:\Users\ranad\.m2\repository\org\springframework\spring-beans\5.1.3.RELEASE\spring-beans-5.1.3.RELEASE.jar;C:\Users\ranad\.m2\repository\org\springframework\spring-expression\5.1.3.RELEASE\spring-expression-5.1.3.RELEASE.jar;C:\Users\ranad\.m2\repository\org\apache\poi\poi-ooxml\4.0.1\poi-ooxml-4.0.1.jar;C:\Users\ranad\.m2\repository\org\apache\poi\poi\4.0.1\poi-4.0.1.jar;C:\Users\ranad\.m2\repository\org\apache\commons\commons-collections4\4.2\commons-collections4-4.2.jar;C:\Users\ranad\.m2\repository\org\apache\commons\commons-math3\3.6.1\commons-math3-3.6.1.jar;C:\Users\ranad\.m2\repository\org\apache\poi\poi-ooxml-schemas\4.0.1\poi-ooxml-schemas-4.0.1.jar;C:\Users\ranad\.m2\repository\org\apache\xmlbeans\xmlbeans\3.0.2\xmlbeans-3.0.2.jar;C:\Users\ranad\.m2\repository\org\apache\commons\commons-compress\1.18\commons-compress-1.18.jar;C:\Users\ranad\.m2\repository\com\github\virtuald\curvesapi\1.05\curvesapi-1.05.jar;C:\Users\ranad\.m2\repository\log4j\log4j\1.2.17\log4j-1.2.17.jar;C:\Users\ranad\.m2\repository\org\apache\maven\surefire\surefire-testng-utils\2.20.1\surefire-testng-utils-2.20.1.jar;C:\Users\ranad\.m2\repository\org\apache\maven\surefire\surefire-grouper\2.20.1\surefire-grouper-2.20.1.jar;"/>
    <property name="java.vm.vendor" value="Oracle Corporation"/>
    <property name="sun.arch.data.model" value="64"/>
    <property name="user.variant" value=""/>
    <property name="log4j.overwrite" value="false"/>
    <property name="java.vendor.url" value="http://java.oracle.com/"/>
    <property name="user.timezone" value=""/>
    <property name="java.vm.specification.version" value="1.8"/>
    <property name="os.name" value="Windows 10"/>
    <property name="api" value="Covid19India"/>
    <property name="user.country" value="IN"/>
    <property name="sun.java.launcher" value="SUN_STANDARD"/>
    <property name="sun.boot.library.path" value="C:\Program Files\Java\jdk1.8.0_241\jre\bin"/>
    <property name="sun.java.command" value="C:\Users\ranad\AppData\Local\Temp\surefire3314643197229902649\surefirebooter7911444857656786270.jar C:\Users\ranad\AppData\Local\Temp\surefire3314643197229902649 2020-04-15T12-35-40_027-jvmRun1 surefire825776081486002223tmp surefire_02952492282295970544tmp"/>
    <property name="surefire.test.class.path" value="C:\Users\ranad\git\test-framework-restassured-selenium-spring-01\target\test-classes;C:\Users\ranad\git\test-framework-restassured-selenium-spring-01\target\classes;C:\Users\ranad\.m2\repository\io\rest-assured\rest-assured\4.3.0\rest-assured-4.3.0.jar;C:\Users\ranad\.m2\repository\org\codehaus\groovy\groovy\3.0.2\groovy-3.0.2.jar;C:\Users\ranad\.m2\repository\org\codehaus\groovy\groovy-xml\3.0.2\groovy-xml-3.0.2.jar;C:\Users\ranad\.m2\repository\org\apache\httpcomponents\httpclient\4.5.3\httpclient-4.5.3.jar;C:\Users\ranad\.m2\repository\org\apache\httpcomponents\httpmime\4.5.3\httpmime-4.5.3.jar;C:\Users\ranad\.m2\repository\org\hamcrest\hamcrest\2.1\hamcrest-2.1.jar;C:\Users\ranad\.m2\repository\org\ccil\cowan\tagsoup\tagsoup\1.2.1\tagsoup-1.2.1.jar;C:\Users\ranad\.m2\repository\io\rest-assured\json-path\4.3.0\json-path-4.3.0.jar;C:\Users\ranad\.m2\repository\org\codehaus\groovy\groovy-json\3.0.2\groovy-json-3.0.2.jar;C:\Users\ranad\.m2\repository\io\rest-assured\rest-assured-common\4.3.0\rest-assured-common-4.3.0.jar;C:\Users\ranad\.m2\repository\io\rest-assured\xml-path\4.3.0\xml-path-4.3.0.jar;C:\Users\ranad\.m2\repository\org\apache\commons\commons-lang3\3.4\commons-lang3-3.4.jar;C:\Users\ranad\.m2\repository\jakarta\xml\bind\jakarta.xml.bind-api\2.3.2\jakarta.xml.bind-api-2.3.2.jar;C:\Users\ranad\.m2\repository\jakarta\activation\jakarta.activation-api\1.2.1\jakarta.activation-api-1.2.1.jar;C:\Users\ranad\.m2\repository\com\sun\xml\bind\jaxb-osgi\2.3.0.1\jaxb-osgi-2.3.0.1.jar;C:\Users\ranad\.m2\repository\org\apache\sling\org.apache.sling.javax.activation\0.1.0\org.apache.sling.javax.activation-0.1.0.jar;C:\Users\ranad\.m2\repository\javax\activation\activation\1.1.1\activation-1.1.1.jar;C:\Users\ranad\.m2\repository\io\rest-assured\json-schema-validator\4.3.0\json-schema-validator-4.3.0.jar;C:\Users\ranad\.m2\repository\com\github\java-json-tools\json-schema-validator\2.2.10\json-schema-validator-2.2.10.jar;C:\Users\ranad\.m2\repository\com\github\java-json-tools\json-schema-core\1.2.10\json-schema-core-1.2.10.jar;C:\Users\ranad\.m2\repository\com\github\java-json-tools\jackson-coreutils\1.9\jackson-coreutils-1.9.jar;C:\Users\ranad\.m2\repository\com\github\fge\msg-simple\1.1\msg-simple-1.1.jar;C:\Users\ranad\.m2\repository\com\github\fge\btf\1.2\btf-1.2.jar;C:\Users\ranad\.m2\repository\com\github\fge\uri-template\0.9\uri-template-0.9.jar;C:\Users\ranad\.m2\repository\org\mozilla\rhino\1.7.7.1\rhino-1.7.7.1.jar;C:\Users\ranad\.m2\repository\javax\mail\mailapi\1.4.3\mailapi-1.4.3.jar;C:\Users\ranad\.m2\repository\joda-time\joda-time\2.9.7\joda-time-2.9.7.jar;C:\Users\ranad\.m2\repository\com\googlecode\libphonenumber\libphonenumber\8.0.0\libphonenumber-8.0.0.jar;C:\Users\ranad\.m2\repository\com\google\code\findbugs\jsr305\3.0.1\jsr305-3.0.1.jar;C:\Users\ranad\.m2\repository\net\sf\jopt-simple\jopt-simple\5.0.3\jopt-simple-5.0.3.jar;C:\Users\ranad\.m2\repository\org\testng\testng\6.10\testng-6.10.jar;C:\Users\ranad\.m2\repository\com\beust\jcommander\1.48\jcommander-1.48.jar;C:\Users\ranad\.m2\repository\org\hamcrest\hamcrest-core\2.1\hamcrest-core-2.1.jar;C:\Users\ranad\.m2\repository\org\hamcrest\hamcrest-all\1.3\hamcrest-all-1.3.jar;C:\Users\ranad\.m2\repository\com\typesafe\config\1.2.1\config-1.2.1.jar;C:\Users\ranad\.m2\repository\com\fasterxml\jackson\core\jackson-databind\2.9.8\jackson-databind-2.9.8.jar;C:\Users\ranad\.m2\repository\com\fasterxml\jackson\core\jackson-annotations\2.9.0\jackson-annotations-2.9.0.jar;C:\Users\ranad\.m2\repository\com\fasterxml\jackson\core\jackson-core\2.9.8\jackson-core-2.9.8.jar;C:\Users\ranad\.m2\repository\org\seleniumhq\selenium\selenium-java\3.11.0\selenium-java-3.11.0.jar;C:\Users\ranad\.m2\repository\org\seleniumhq\selenium\selenium-api\3.11.0\selenium-api-3.11.0.jar;C:\Users\ranad\.m2\repository\org\seleniumhq\selenium\selenium-chrome-driver\3.11.0\selenium-chrome-driver-3.11.0.jar;C:\Users\ranad\.m2\repository\org\seleniumhq\selenium\selenium-edge-driver\3.11.0\selenium-edge-driver-3.11.0.jar;C:\Users\ranad\.m2\repository\org\seleniumhq\selenium\selenium-firefox-driver\3.11.0\selenium-firefox-driver-3.11.0.jar;C:\Users\ranad\.m2\repository\org\seleniumhq\selenium\selenium-ie-driver\3.11.0\selenium-ie-driver-3.11.0.jar;C:\Users\ranad\.m2\repository\org\seleniumhq\selenium\selenium-opera-driver\3.11.0\selenium-opera-driver-3.11.0.jar;C:\Users\ranad\.m2\repository\org\seleniumhq\selenium\selenium-remote-driver\3.11.0\selenium-remote-driver-3.11.0.jar;C:\Users\ranad\.m2\repository\org\seleniumhq\selenium\selenium-safari-driver\3.11.0\selenium-safari-driver-3.11.0.jar;C:\Users\ranad\.m2\repository\org\seleniumhq\selenium\selenium-support\3.11.0\selenium-support-3.11.0.jar;C:\Users\ranad\.m2\repository\net\bytebuddy\byte-buddy\1.7.9\byte-buddy-1.7.9.jar;C:\Users\ranad\.m2\repository\org\apache\commons\commons-exec\1.3\commons-exec-1.3.jar;C:\Users\ranad\.m2\repository\commons-codec\commons-codec\1.10\commons-codec-1.10.jar;C:\Users\ranad\.m2\repository\commons-logging\commons-logging\1.2\commons-logging-1.2.jar;C:\Users\ranad\.m2\repository\com\google\code\gson\gson\2.8.2\gson-2.8.2.jar;C:\Users\ranad\.m2\repository\com\google\guava\guava\23.6-jre\guava-23.6-jre.jar;C:\Users\ranad\.m2\repository\org\checkerframework\checker-compat-qual\2.0.0\checker-compat-qual-2.0.0.jar;C:\Users\ranad\.m2\repository\com\google\errorprone\error_prone_annotations\2.1.3\error_prone_annotations-2.1.3.jar;C:\Users\ranad\.m2\repository\com\google\j2objc\j2objc-annotations\1.1\j2objc-annotations-1.1.jar;C:\Users\ranad\.m2\repository\org\codehaus\mojo\animal-sniffer-annotations\1.14\animal-sniffer-annotations-1.14.jar;C:\Users\ranad\.m2\repository\org\apache\httpcomponents\httpcore\4.4.6\httpcore-4.4.6.jar;C:\Users\ranad\.m2\repository\com\squareup\okhttp3\okhttp\3.9.1\okhttp-3.9.1.jar;C:\Users\ranad\.m2\repository\com\squareup\okio\okio\1.13.0\okio-1.13.0.jar;C:\Users\ranad\.m2\repository\com\relevantcodes\extentreports\2.41.2\extentreports-2.41.2.jar;C:\Users\ranad\.m2\repository\org\jsoup\jsoup\1.8.3\jsoup-1.8.3.jar;C:\Users\ranad\.m2\repository\org\xerial\sqlite-jdbc\3.8.11.1\sqlite-jdbc-3.8.11.1.jar;C:\Users\ranad\.m2\repository\org\freemarker\freemarker\2.3.23\freemarker-2.3.23.jar;C:\Users\ranad\.m2\repository\org\mongodb\mongodb-driver\3.0.4\mongodb-driver-3.0.4.jar;C:\Users\ranad\.m2\repository\org\mongodb\bson\3.0.4\bson-3.0.4.jar;C:\Users\ranad\.m2\repository\org\mongodb\mongodb-driver-core\3.0.4\mongodb-driver-core-3.0.4.jar;C:\Users\ranad\.m2\repository\com\aventstack\extentreports\3.0.0\extentreports-3.0.0.jar;C:\Users\ranad\.m2\repository\org\springframework\spring-core\5.1.3.RELEASE\spring-core-5.1.3.RELEASE.jar;C:\Users\ranad\.m2\repository\org\springframework\spring-jcl\5.1.3.RELEASE\spring-jcl-5.1.3.RELEASE.jar;C:\Users\ranad\.m2\repository\org\springframework\spring-context\5.1.3.RELEASE\spring-context-5.1.3.RELEASE.jar;C:\Users\ranad\.m2\repository\org\springframework\spring-aop\5.1.3.RELEASE\spring-aop-5.1.3.RELEASE.jar;C:\Users\ranad\.m2\repository\org\springframework\spring-beans\5.1.3.RELEASE\spring-beans-5.1.3.RELEASE.jar;C:\Users\ranad\.m2\repository\org\springframework\spring-expression\5.1.3.RELEASE\spring-expression-5.1.3.RELEASE.jar;C:\Users\ranad\.m2\repository\org\apache\poi\poi-ooxml\4.0.1\poi-ooxml-4.0.1.jar;C:\Users\ranad\.m2\repository\org\apache\poi\poi\4.0.1\poi-4.0.1.jar;C:\Users\ranad\.m2\repository\org\apache\commons\commons-collections4\4.2\commons-collections4-4.2.jar;C:\Users\ranad\.m2\repository\org\apache\commons\commons-math3\3.6.1\commons-math3-3.6.1.jar;C:\Users\ranad\.m2\repository\org\apache\poi\poi-ooxml-schemas\4.0.1\poi-ooxml-schemas-4.0.1.jar;C:\Users\ranad\.m2\repository\org\apache\xmlbeans\xmlbeans\3.0.2\xmlbeans-3.0.2.jar;C:\Users\ranad\.m2\repository\org\apache\commons\commons-compress\1.18\commons-compress-1.18.jar;C:\Users\ranad\.m2\repository\com\github\virtuald\curvesapi\1.05\curvesapi-1.05.jar;C:\Users\ranad\.m2\repository\log4j\log4j\1.2.17\log4j-1.2.17.jar;C:\Users\ranad\.m2\repository\org\apache\maven\surefire\surefire-testng-utils\2.20.1\surefire-testng-utils-2.20.1.jar;C:\Users\ranad\.m2\repository\org\apache\maven\surefire\surefire-grouper\2.20.1\surefire-grouper-2.20.1.jar;"/>
    <property name="sun.cpu.endian" value="little"/>
    <property name="user.home" value="C:\Users\ranad"/>
    <property name="user.language" value="en"/>
    <property name="java.specification.vendor" value="Oracle Corporation"/>
    <property name="java.home" value="C:\Program Files\Java\jdk1.8.0_241\jre"/>
    <property name="basedir" value="C:\Users\ranad\git\test-framework-restassured-selenium-spring-01"/>
    <property name="style.color" value="always"/>
    <property name="file.separator" value="\"/>
    <property name="line.separator" value="&#10;"/>
    <property name="java.vm.specification.vendor" value="Oracle Corporation"/>
    <property name="java.specification.name" value="Java Platform API Specification"/>
    <property name="java.awt.graphicsenv" value="sun.awt.Win32GraphicsEnvironment"/>
    <property name="surefire.real.class.path" value="C:\Users\ranad\AppData\Local\Temp\surefire3314643197229902649\surefirebooter7911444857656786270.jar"/>
    <property name="sun.boot.class.path" value="C:\Program Files\Java\jdk1.8.0_241\jre\lib\resources.jar;C:\Program Files\Java\jdk1.8.0_241\jre\lib\rt.jar;C:\Program Files\Java\jdk1.8.0_241\jre\lib\sunrsasign.jar;C:\Program Files\Java\jdk1.8.0_241\jre\lib\jsse.jar;C:\Program Files\Java\jdk1.8.0_241\jre\lib\jce.jar;C:\Program Files\Java\jdk1.8.0_241\jre\lib\charsets.jar;C:\Program Files\Java\jdk1.8.0_241\jre\lib\jfr.jar;C:\Program Files\Java\jdk1.8.0_241\jre\classes"/>
    <property name="user.script" value=""/>
    <property name="sun.management.compiler" value="HotSpot 64-Bit Tiered Compilers"/>
    <property name="java.runtime.version" value="1.8.0_241-b07"/>
    <property name="user.name" value="ranad"/>
    <property name="path.separator" value=";"/>
    <property name="groups.include" value="failed"/>
    <property name="os.version" value="10.0"/>
    <property name="java.endorsed.dirs" value="C:\Program Files\Java\jdk1.8.0_241\jre\lib\endorsed"/>
    <property name="java.runtime.name" value="Java(TM) SE Runtime Environment"/>
    <property name="file.encoding" value="Cp1252"/>
    <property name="browser" value="chrome"/>
    <property name="java.vm.name" value="Java HotSpot(TM) 64-Bit Server VM"/>
    <property name="localRepository" value="C:\Users\ranad\.m2\repository"/>
    <property name="java.vendor.url.bug" value="http://bugreport.sun.com/bugreport/"/>
    <property name="java.io.tmpdir" value="C:\Users\ranad\AppData\Local\Temp\"/>
    <property name="java.version" value="1.8.0_241"/>
    <property name="user.dir" value="C:\Users\ranad\git\test-framework-restassured-selenium-spring-01"/>
    <property name="os.arch" value="amd64"/>
    <property name="java.vm.specification.name" value="Java Virtual Machine Specification"/>
    <property name="java.awt.printerjob" value="sun.awt.windows.WPrinterJob"/>
    <property name="sun.os.patch.level" value=""/>
    <property name="java.library.path" value="C:\Program Files\Java\jdk1.8.0_241\jre\bin;C:\Windows\Sun\Java\bin;C:\Windows\system32;C:\Windows;C:\Program Files\Java\jdk1.8.0_241\jre\bin;C:/Program Files/Java/jre1.8.0_241/bin/server;C:/Program Files/Java/jre1.8.0_241/bin;C:/Program Files/Java/jre1.8.0_241/lib/amd64;C:\Program Files (x86)\Common Files\Oracle\Java\javapath;C:\Windows\system32;C:\Windows;C:\Windows\System32\Wbem;C:\Windows\System32\WindowsPowerShell\v1.0\;C:\Windows\System32\OpenSSH\;C:\Program Files\Intel\WiFi\bin\;C:\Program Files\Common Files\Intel\WirelessCommon\;C:\Program Files\Git\cmd;C:\Program Files\MySQL\MySQL Shell 8.0\bin\;C:\Users\ranad\AppData\Local\Microsoft\WindowsApps;;D:\Setups\spring-tool-suite-3.9.12.RELEASE-e4.15.0-win32-x86_64\sts-bundle\sts-3.9.12.RELEASE;;."/>
    <property name="java.vm.info" value="mixed mode"/>
    <property name="java.vendor" value="Oracle Corporation"/>
    <property name="java.vm.version" value="25.241-b07"/>
    <property name="java.ext.dirs" value="C:\Program Files\Java\jdk1.8.0_241\jre\lib\ext;C:\Windows\Sun\Java\lib\ext"/>
    <property name="sun.io.unicode.encoding" value="UnicodeLittle"/>
    <property name="java.class.version" value="52.0"/>
    <property name="maven.surefire.debug" value="true"/>
  </properties>
  <testcase name="failedTest" classname="com.ui.testautomation.CovidIndiaUITest" time="0">
    <skipped message="Test failed"/>
    <system-out><![CDATA[Fetched properties file on location : C:\Users\ranad\git\test-framework-restassured-selenium-spring-01/log4j.properties
System value 'log4j.overwrite' : false
Modified properties file with key : log4j.appender.HTML_FILE.Append, Value : false
Properties file on locationC:\Users\ranad\git\test-framework-restassured-selenium-spring-01/log4j.properties updated
Modified properties file with key : log4j.appender.FILE.Append, Value : false
Properties file on locationC:\Users\ranad\git\test-framework-restassured-selenium-spring-01/log4j.properties updated
Driver session is active
Initiating Method : failedTest
Navigated to : http://www.covid19India.org
]]></system-out>
    <system-err><![CDATA[log4j:WARN No appenders could be found for logger (com.app.testautomation.initiators.BaseSteps).
log4j:WARN Please initialize the log4j system properly.
log4j:WARN See http://logging.apache.org/log4j/1.2/faq.html#noconfig for more info.
Starting ChromeDriver 80.0.3987.106 (f68069574609230cf9b635cd784cfb1bf81bb53a-refs/branch-heads/3987@{#882}) on port 3536
Only local connections are allowed.
Please protect ports used by ChromeDriver and related test frameworks to prevent access by malicious code.
[1586934348.449][WARNING]: Timed out connecting to Chrome, retrying...
[1586934352.464][WARNING]: Timed out connecting to Chrome, retrying...
Apr 15, 2020 12:35:54 PM org.openqa.selenium.remote.ProtocolHandshake createSession
INFO: Detected dialect: W3C
log4j:WARN No such property [maxFileSize] in org.apache.log4j.FileAppender.
log4j:WARN No such property [maxBackupIndex] in org.apache.log4j.FileAppender.
Apr 15, 2020 12:35:54 PM com.app.testautomation.listeners.BasicTestListeners onStart
INFO: Suite started :Covid19IndiaTestReport
Apr 15, 2020 12:35:54 PM com.app.testautomation.listeners.BasicTestListeners onStart
INFO: Test started at : 15 Apr 2020 07:05:54 GMT
Apr 15, 2020 12:35:54 PM com.app.testautomation.listeners.MethodInterceptorListener intercept
INFO: Intercepting methods as per group name provided
Apr 15, 2020 12:35:54 PM com.app.testautomation.listeners.MethodInterceptorListener intercept
INFO: As per requested groups : [failed]
Apr 15, 2020 12:35:54 PM com.app.testautomation.listeners.MethodInterceptorListener intercept
INFO: As per requested groups : [failed]
Apr 15, 2020 12:35:54 PM com.app.testautomation.listeners.MethodInterceptorListener intercept
INFO: As per requested groups : [failed]
Apr 15, 2020 12:35:54 PM com.app.testautomation.listeners.MethodInterceptorListener intercept
INFO: As per requested groups : [failed]
Apr 15, 2020 12:35:54 PM com.app.testautomation.listeners.MethodInterceptorListener intercept
INFO: As per requested groups : [failed]
Apr 15, 2020 12:35:54 PM com.app.testautomation.listeners.MethodInterceptorListener intercept
INFO: failedTest to be executed
Apr 15, 2020 12:35:54 PM com.app.testautomation.listeners.MethodInvokeListener beforeInvocation
INFO: Method initiateMethod is not enabled
[1586934355.321][SEVERE]: Timed out receiving message from renderer: 0.100
[1586934355.672][SEVERE]: Timed out receiving message from renderer: 0.100
[1586934356.129][SEVERE]: Timed out receiving message from renderer: 0.100
Apr 15, 2020 12:35:56 PM com.app.testautomation.listeners.BasicTestListeners onTestStart
INFO: Executiing method : failedTest
Apr 15, 2020 12:35:56 PM com.app.testautomation.listeners.MethodInvokeListener beforeInvocation
INFO: Method failedTest execution starts on : 1586934356431
Apr 15, 2020 12:36:01 PM com.app.testautomation.listeners.MethodRerunListener retry
INFO: Re-executing the method : failedTestWith count : 1
Apr 15, 2020 12:36:09 PM com.app.testautomation.listeners.MethodInvokeListener afterInvocation
INFO: MethodfailedTest execution completed on : 1586934356431
]]></system-err>
  </testcase>
  <testcase name="failedTest" classname="com.ui.testautomation.CovidIndiaUITest" time="0">
    <skipped message="Test failed"/>
    <system-out><![CDATA[failedTest executed.
Driver is closed
Driver called off
Driver session is not active
invalid session id
Build info: version: '3.11.0', revision: 'e59cfb3', time: '2018-03-11T20:26:55.152Z'
System info: host: 'RANADEEP_BANIK', ip: '192.168.1.75', os.name: 'Windows 10', os.arch: 'amd64', os.version: '10.0', java.version: '1.8.0_241'
Driver info: org.openqa.selenium.chrome.ChromeDriver
Capabilities {acceptInsecureCerts: true, browserName: chrome, browserVersion: 80.0.3987.163, chrome: {chromedriverVersion: 80.0.3987.106 (f68069574609..., userDataDir: C:\Users\ranad\AppData\Loca...}, goog:chromeOptions: {debuggerAddress: localhost:51629}, javascriptEnabled: true, networkConnectionEnabled: false, pageLoadStrategy: normal, platform: WINDOWS, platformName: WINDOWS, proxy: Proxy(), setWindowRect: true, strictFileInteractability: false, timeouts: {implicit: 0, pageLoad: 300000, script: 30000}, unhandledPromptBehavior: dismiss and notify}
Session ID: 7053c58cdaed4c2b40f980589de2ee11
return new ApplicationContextInitiator()
Application context created and initiated all the beans in Spring bean container
Default properties/capabilities initiated for CHROME driver
Default properties/capabilities initiated for FIREFOX driver
Default properties/capabilities initiated for INTERNET EXPLORER driver
Default properties/capabilities initiated for FIREFOX driver
Driver instance is null
Browser key provided : chrome
Starting GOOGLE CHROME Driver....
chrome browser initiated
Driver implicit wait initiated for 30 SECONDS
Browser window maximized
WebDriver initiated
Fetched properties file on location : C:\Users\ranad\git\test-framework-restassured-selenium-spring-01/log4j.properties
System value 'log4j.overwrite' : false
Modified properties file with key : log4j.appender.HTML_FILE.Append, Value : false
Properties file on locationC:\Users\ranad\git\test-framework-restassured-selenium-spring-01/log4j.properties updated
Modified properties file with key : log4j.appender.FILE.Append, Value : false
Properties file on locationC:\Users\ranad\git\test-framework-restassured-selenium-spring-01/log4j.properties updated
Initiating Method : failedTest
Navigated to : http://www.covid19India.org
]]></system-out>
    <system-err><![CDATA[Apr 15, 2020 12:36:09 PM com.app.testautomation.listeners.MethodInvokeListener beforeInvocation
INFO: Method finish is not enabled
Apr 15, 2020 12:36:09 PM com.app.testautomation.listeners.MethodInvokeListener beforeInvocation
INFO: Method initiateMethod is not enabled
Starting ChromeDriver 80.0.3987.106 (f68069574609230cf9b635cd784cfb1bf81bb53a-refs/branch-heads/3987@{#882}) on port 40434
Only local connections are allowed.
Please protect ports used by ChromeDriver and related test frameworks to prevent access by malicious code.
[1586934373.091][WARNING]: Timed out connecting to Chrome, retrying...
[1586934377.102][WARNING]: Timed out connecting to Chrome, retrying...
Apr 15, 2020 12:36:19 PM org.openqa.selenium.remote.ProtocolHandshake createSession
INFO: Detected dialect: W3C
log4j:WARN No such property [maxFileSize] in org.apache.log4j.FileAppender.
log4j:WARN No such property [maxBackupIndex] in org.apache.log4j.FileAppender.
[1586934379.487][SEVERE]: Timed out receiving message from renderer: 0.100
[1586934379.817][SEVERE]: Timed out receiving message from renderer: 0.100
[1586934380.280][SEVERE]: Timed out receiving message from renderer: 0.100
[1586934380.588][SEVERE]: Timed out receiving message from renderer: 0.100
[1586934380.809][SEVERE]: Timed out receiving message from renderer: 0.100
Apr 15, 2020 12:36:20 PM com.app.testautomation.listeners.BasicTestListeners onTestStart
INFO: Executiing method : failedTest
Apr 15, 2020 12:36:20 PM com.app.testautomation.listeners.MethodInvokeListener beforeInvocation
INFO: Method failedTest execution starts on : 1586934380904
Apr 15, 2020 12:36:35 PM com.app.testautomation.listeners.MethodRerunListener retry
INFO: Re-executing the method : failedTestWith count : 2
Apr 15, 2020 12:36:35 PM com.app.testautomation.listeners.MethodInvokeListener afterInvocation
INFO: MethodfailedTest execution completed on : 1586934380904
]]></system-err>
  </testcase>
  <testcase name="failedTest" classname="com.ui.testautomation.CovidIndiaUITest" time="11.64">
    <failure message="Test failed" type="java.lang.AssertionError">java.lang.AssertionError: Test failed
	at com.ui.testautomation.CovidIndiaUITest.failedTest(CovidIndiaUITest.java:55)
</failure>
    <system-out><![CDATA[failedTest executed.
Driver is closed
Driver called off
Driver session is not active
invalid session id
Build info: version: '3.11.0', revision: 'e59cfb3', time: '2018-03-11T20:26:55.152Z'
System info: host: 'RANADEEP_BANIK', ip: '192.168.1.75', os.name: 'Windows 10', os.arch: 'amd64', os.version: '10.0', java.version: '1.8.0_241'
Driver info: org.openqa.selenium.chrome.ChromeDriver
Capabilities {acceptInsecureCerts: true, browserName: chrome, browserVersion: 80.0.3987.163, chrome: {chromedriverVersion: 80.0.3987.106 (f68069574609..., userDataDir: C:\Users\ranad\AppData\Loca...}, goog:chromeOptions: {debuggerAddress: localhost:51657}, javascriptEnabled: true, networkConnectionEnabled: false, pageLoadStrategy: normal, platform: WINDOWS, platformName: WINDOWS, proxy: Proxy(), setWindowRect: true, strictFileInteractability: false, timeouts: {implicit: 0, pageLoad: 300000, script: 30000}, unhandledPromptBehavior: dismiss and notify}
Session ID: 2bde451c5880739dee7c92175063c50f
return new ApplicationContextInitiator()
Application context created and initiated all the beans in Spring bean container
Default properties/capabilities initiated for CHROME driver
Default properties/capabilities initiated for FIREFOX driver
Default properties/capabilities initiated for INTERNET EXPLORER driver
Default properties/capabilities initiated for FIREFOX driver
Driver instance is null
Browser key provided : chrome
Starting GOOGLE CHROME Driver....
chrome browser initiated
Driver implicit wait initiated for 30 SECONDS
Browser window maximized
WebDriver initiated
Fetched properties file on location : C:\Users\ranad\git\test-framework-restassured-selenium-spring-01/log4j.properties
System value 'log4j.overwrite' : false
Modified properties file with key : log4j.appender.HTML_FILE.Append, Value : false
Properties file on locationC:\Users\ranad\git\test-framework-restassured-selenium-spring-01/log4j.properties updated
Modified properties file with key : log4j.appender.FILE.Append, Value : false
Properties file on locationC:\Users\ranad\git\test-framework-restassured-selenium-spring-01/log4j.properties updated
Initiating Method : failedTest
Navigated to : http://www.covid19India.org
]]></system-out>
    <system-err><![CDATA[Apr 15, 2020 12:36:35 PM com.app.testautomation.listeners.MethodInvokeListener beforeInvocation
INFO: Method finish is not enabled
Apr 15, 2020 12:36:35 PM com.app.testautomation.listeners.MethodInvokeListener beforeInvocation
INFO: Method initiateMethod is not enabled
Starting ChromeDriver 80.0.3987.106 (f68069574609230cf9b635cd784cfb1bf81bb53a-refs/branch-heads/3987@{#882}) on port 21208
Only local connections are allowed.
Please protect ports used by ChromeDriver and related test frameworks to prevent access by malicious code.
[1586934398.877][WARNING]: Timed out connecting to Chrome, retrying...
[1586934402.888][WARNING]: Timed out connecting to Chrome, retrying...
Apr 15, 2020 12:36:44 PM org.openqa.selenium.remote.ProtocolHandshake createSession
INFO: Detected dialect: W3C
log4j:WARN No such property [maxFileSize] in org.apache.log4j.FileAppender.
log4j:WARN No such property [maxBackupIndex] in org.apache.log4j.FileAppender.
[1586934405.455][SEVERE]: Timed out receiving message from renderer: 0.100
[1586934406.039][SEVERE]: Timed out receiving message from renderer: 0.100
[1586934406.991][SEVERE]: Timed out receiving message from renderer: 0.100
[1586934407.157][SEVERE]: Timed out receiving message from renderer: 0.100
Apr 15, 2020 12:36:47 PM com.app.testautomation.listeners.BasicTestListeners onTestStart
INFO: Executiing method : failedTest
Apr 15, 2020 12:36:47 PM com.app.testautomation.listeners.MethodInvokeListener beforeInvocation
INFO: Method failedTest execution starts on : 1586934407220
Apr 15, 2020 12:36:58 PM com.app.testautomation.listeners.MethodInvokeListener afterInvocation
INFO: MethodfailedTest execution completed on : 1586934407220
]]></system-err>
  </testcase>
</testsuite>