<?xml version="1.0" encoding="UTF-8"?>
<!-- Generated by org.testng.reporters.JUnitReportReporter -->
<testsuite name="com.ui.testautomation.CovidIndiaUITest" tests="9" time="158.527" ignored="0" failures="0" timestamp="13 Apr 2020 17:15:20 GMT" skipped="5" hostname="RANADEEP_BANIK" errors="1">
  <testcase name="checkNoOfConfirmedCasesIsGreaterThan6000" time="10.682" classname="com.ui.testautomation.CovidIndiaUITest">
    <skipped/>
  </testcase> <!-- checkNoOfConfirmedCasesIsGreaterThan6000 -->
  <testcase name="checkNoOfConfirmedCasesIsGreaterThan6000" time="10.535" classname="com.ui.testautomation.CovidIndiaUITest">
    <skipped/>
  </testcase> <!-- checkNoOfConfirmedCasesIsGreaterThan6000 -->
  <testcase name="checkCaseCalculationsForMaharashtra" time="14.517" classname="com.ui.testautomation.CovidIndiaUITest"/>
  <testcase name="checkCaseCalculationsForChandigarh" time="14.401" classname="com.ui.testautomation.CovidIndiaUITest"/>
  <testcase name="checkNoOfConfirmedCasesIsGreaterThan6000" time="0.958" classname="com.ui.testautomation.CovidIndiaUITest">
    <skipped/>
  </testcase> <!-- checkNoOfConfirmedCasesIsGreaterThan6000 -->
  <testcase name="checkNoOfConfirmedCasesIsGreaterThan6000" time="10.717" classname="com.ui.testautomation.CovidIndiaUITest">
    <skipped/>
  </testcase> <!-- checkNoOfConfirmedCasesIsGreaterThan6000 -->
  <testcase name="checkNoOfConfirmedCasesIsGreaterThan6000" time="10.830" classname="com.ui.testautomation.CovidIndiaUITest">
    <skipped/>
  </testcase> <!-- checkNoOfConfirmedCasesIsGreaterThan6000 -->
  <testcase name="checkNoOfConfirmedCasesIsGreaterThan6000" time="10.583" classname="com.ui.testautomation.CovidIndiaUITest">
    <error type="java.lang.NumberFormatException" message="For input string: &quot;&quot;">
      <![CDATA[java.lang.NumberFormatException: For input string: ""
	at java.lang.NumberFormatException.forInputString(NumberFormatException.java:65)
	at java.lang.Integer.parseInt(Integer.java:592)
	at java.lang.Integer.parseInt(Integer.java:615)
	at com.ui.testautomation.pageobjectmodels.Covid19IndiaDashboard.getTotalConfirmedCasesCount(Covid19IndiaDashboard.java:83)
	at com.ui.testautomation.CovidIndiaUITest.checkNoOfConfirmedCasesIsGreaterThan6000(CovidIndiaUITest.java:31)
	at sun.reflect.NativeMethodAccessorImpl.invoke0(Native Method)
	at sun.reflect.NativeMethodAccessorImpl.invoke(NativeMethodAccessorImpl.java:62)
	at sun.reflect.DelegatingMethodAccessorImpl.invoke(DelegatingMethodAccessorImpl.java:43)
	at java.lang.reflect.Method.invoke(Method.java:498)
	at org.testng.internal.MethodInvocationHelper.invokeMethod(MethodInvocationHelper.java:104)
	at org.testng.internal.Invoker.invokeMethod(Invoker.java:645)
	at org.testng.internal.Invoker.retryFailed(Invoker.java:998)
	at org.testng.internal.Invoker.invokeTestMethods(Invoker.java:1200)
	at org.testng.internal.TestMethodWorker.invokeTestMethods(TestMethodWorker.java:129)
	at org.testng.internal.TestMethodWorker.run(TestMethodWorker.java:112)
	at org.testng.TestRunner.privateRun(TestRunner.java:756)
	at org.testng.TestRunner.run(TestRunner.java:610)
	at org.testng.SuiteRunner.runTest(SuiteRunner.java:387)
	at org.testng.SuiteRunner.runSequentially(SuiteRunner.java:382)
	at org.testng.SuiteRunner.privateRun(SuiteRunner.java:340)
	at org.testng.SuiteRunner.run(SuiteRunner.java:289)
	at org.testng.SuiteRunnerWorker.runSuite(SuiteRunnerWorker.java:52)
	at org.testng.SuiteRunnerWorker.run(SuiteRunnerWorker.java:86)
	at org.testng.TestNG.runSuitesSequentially(TestNG.java:1293)
	at org.testng.TestNG.runSuitesLocally(TestNG.java:1218)
	at org.testng.TestNG.runSuites(TestNG.java:1133)
	at org.testng.TestNG.run(TestNG.java:1104)
	at org.apache.maven.surefire.testng.TestNGExecutor.run(TestNGExecutor.java:283)
	at org.apache.maven.surefire.testng.TestNGXmlTestSuite.execute(TestNGXmlTestSuite.java:75)
	at org.apache.maven.surefire.testng.TestNGProvider.invoke(TestNGProvider.java:120)
	at org.apache.maven.surefire.booter.ForkedBooter.invokeProviderInSameClassLoader(ForkedBooter.java:373)
	at org.apache.maven.surefire.booter.ForkedBooter.runSuitesInProcess(ForkedBooter.java:334)
	at org.apache.maven.surefire.booter.ForkedBooter.execute(ForkedBooter.java:119)
	at org.apache.maven.surefire.booter.ForkedBooter.main(ForkedBooter.java:407)
]]>
    </error>
  </testcase> <!-- checkNoOfConfirmedCasesIsGreaterThan6000 -->
  <testcase name="checkCaseCalculationsForAllStates" time="75.304" classname="com.ui.testautomation.CovidIndiaUITest"/>
</testsuite> <!-- com.ui.testautomation.CovidIndiaUITest -->
