<?xml version="1.0" encoding="UTF-8"?>
<!-- Generated by org.testng.reporters.JUnitReportReporter -->
<testsuite name="com.ui.testautomation.CovidIndiaUITest" tests="1" time="10.916" ignored="0" failures="0" timestamp="26 Apr 2020 15:38:59 GMT" skipped="0" hostname="RANADEEP_BANIK" errors="0">
  <testcase name="checkCaseCalculationsForDelhi" time="10.916" classname="com.ui.testautomation.CovidIndiaUITest"/>
</testsuite> <!-- com.ui.testautomation.CovidIndiaUITest -->
