<?xml version="1.0" encoding="UTF-8"?>
<!-- Generated by org.testng.reporters.JUnitReportReporter -->
<testsuite name="com.ui.testautomation.CovidIndiaUITest" tests="1" time="94.441" ignored="0" failures="0" timestamp="20 Apr 2020 12:09:19 GMT" skipped="0" hostname="RANADEEP_BANIK" errors="0">
  <testcase name="checkCaseCalculationsForAllStates" time="94.441" classname="com.ui.testautomation.CovidIndiaUITest"/>
</testsuite> <!-- com.ui.testautomation.CovidIndiaUITest -->
