<?xml version="1.0" encoding="UTF-8"?>
<!-- Generated by org.testng.reporters.JUnitReportReporter -->
<testsuite name="com.ui.testautomation.CovidIndiaUITest" tests="3" time="91.225" ignored="1" failures="0" timestamp="12 Apr 2020 22:03:53 GMT" skipped="0" hostname="RANADEEP_BANIK" errors="0">
  <testcase name="checkCaseCalculationsForAllStates" time="71.873" classname="com.ui.testautomation.CovidIndiaUITest"/>
  <testcase name="checkCaseCalculationsForChandigarh" time="14.267" classname="com.ui.testautomation.CovidIndiaUITest"/>
  <testcase name="checkCaseCalculationsForMaharashtra" time="5.085" classname="com.ui.testautomation.CovidIndiaUITest"/>
  <testcase name="checkNoOfConfirmedCasesIsGreaterThan6000" classname="com.ui.testautomation.CovidIndiaUITest">
    <skipped/>
  </testcase> <!-- checkNoOfConfirmedCasesIsGreaterThan6000 -->
</testsuite> <!-- com.ui.testautomation.CovidIndiaUITest -->
