<?xml version="1.0" encoding="UTF-8"?>
<!-- Generated by org.testng.reporters.JUnitReportReporter -->
<testsuite name="com.ui.testautomation.CovidIndiaUITest" tests="1" time="39.999" ignored="0" failures="0" timestamp="06 May 2020 23:08:56 GMT" skipped="0" hostname="RANADEEP_BANIK" errors="0">
  <testcase name="verifyEssentialsOfAllStates" time="39.999" classname="com.ui.testautomation.CovidIndiaUITest"/>
</testsuite> <!-- com.ui.testautomation.CovidIndiaUITest -->
