<?xml version="1.0" encoding="UTF-8"?>
<!-- Generated by org.testng.reporters.JUnitReportReporter -->
<testsuite name="com.ui.testautomation.CovidIndiaUITest" tests="3" time="68.852" ignored="1" failures="0" timestamp="11 Apr 2020 21:32:09 GMT" skipped="0" hostname="RANADEEP_BANIK" errors="0">
  <testcase name="checkCaseCalculationsForAllStates" time="59.165" classname="com.ui.testautomation.CovidIndiaUITest"/>
  <testcase name="checkCaseCalculationsForChandigarh" time="5.301" classname="com.ui.testautomation.CovidIndiaUITest"/>
  <testcase name="checkCaseCalculationsForMaharashtra" time="4.386" classname="com.ui.testautomation.CovidIndiaUITest"/>
  <testcase name="checkNoOfConfirmedCasesIsGreaterThan6000" classname="com.ui.testautomation.CovidIndiaUITest">
    <skipped/>
  </testcase> <!-- checkNoOfConfirmedCasesIsGreaterThan6000 -->
</testsuite> <!-- com.ui.testautomation.CovidIndiaUITest -->
